TESTS WITH ERRORS 
-------------------------------
TESTS FAILED  
test09 (gradingtests.UnitTests)
Traceback (most recent call last):
  File "C:\Users\kille\academics\automatedgradingapp\app\testing\planning\gradingtests.py", line 74, in test09
    self.assertFalse(plan.ok)
AssertionError: True is not false

-------------------------------
TESTS SKIPPED 
-------------------------------
